<?xml version="1.0" encoding="UTF-8"?>
<testsuite xmlns:xsi="http://www.w3.org/2001/XMLSchema-instance" xsi:noNamespaceSchemaLocation="https://maven.apache.org/surefire/maven-surefire-plugin/xsd/surefire-test-report-3.0.xsd" version="3.0" name="com.example.FaturaTest.FaturaTest" time="0.085" tests="5" errors="0" skipped="0" failures="0">
  <properties>
[...]
</properties>
  <testcase name="testGetValor" classname="com.example.FaturaTest.FaturaTest" time="0.0"/>
  <testcase name="testGetTipoServico" classname="com.example.FaturaTest.FaturaTest" time="0.0"/>
  <testcase name="testGetNomeCliente" classname="com.example.FaturaTest.FaturaTest" time="0.0"/>
  <testcase name="instanciarFatura" classname="com.example.FaturaTest.FaturaTest" time="0.0"/>
  <testcase name="testServicoNaoEsperadoAoCriarClasse" classname="com.example.FaturaTest.FaturaTest" time="0.0"/>
</testsuite>